# JRE version: OpenJDK Runtime Environment Temurin-21.0.12.1+1 (21.0.12.1+1) (build 21.0.12.1+1-LTS)
# Java VM: OpenJDK 64-Bit Server VM Temurin-21.0.12.1+1 (21.0.12.1+1-LTS, mixed mode, sharing, tiered, compressed oops, compressed class ptrs, parallel gc, windows-amd64)
GC Precious Log:
 CardTable entry size: 512
 CPUs: 8 total, 8 available
 Memory: 3820M
 Large Page Support: Disabled
 NUMA Support: Disabled
 Compressed Oops: Enabled (32-bit)
 Alignments: Space 512K, Generation 512K, Heap 2M
 Heap Min Capacity: 100M
 Heap Initial Capacity: 100M
 Heap Max Capacity: 2G
 Pre-touch: Disabled
 Parallel Workers: 8
Heap:
 PSYoungGen      total 16896K, used 10240K [0x00000000d5580000, 0x00000000d6880000, 0x0000000100000000)
  eden space 16384K, 60% used [0x00000000d5580000,0x00000000d5f20218,0x00000000d6580000)
  from space 512K, 75% used [0x00000000d6700000,0x00000000d6760000,0x00000000d6780000)
  to   space 1024K, 0% used [0x00000000d6780000,0x00000000d6780000,0x00000000d6880000)
 ParOldGen       total 68608K, used 50822K [0x0000000080000000, 0x0000000084300000, 0x00000000d5580000)
  object space 68608K, 74% used [0x0000000080000000,0x00000000831a1818,0x0000000084300000)
 Metaspace       used 52972K, committed 54400K, reserved 1114112K
  class space    used 5815K, committed 6400K, reserved 1048576K
GC Heap History (20 events):
Event: 19.936 GC heap before
{Heap before GC invocations=26 (full 2):
 PSYoungGen      total 17920K, used 17888K [0x00000000d5580000, 0x00000000d6c00000, 0x0000000100000000)
  eden space 16384K, 100% used [0x00000000d5580000,0x00000000d6580000,0x00000000d6580000)
  from space 1536K, 97% used [0x00000000d6980000,0x00000000d6af8010,0x00000000d6b00000)
  to   space 1024K, 0% used [0x00000000d6b00000,0x00000000d6b00000,0x00000000d6c00000)
 ParOldGen       total 68608K, used 36707K [0x0000000080000000, 0x0000000084300000, 0x00000000d5580000)
  object space 68608K, 53% used [0x0000000080000000,0x00000000823d8f10,0x0000000084300000)
 Metaspace       used 49191K, committed 50560K, reserved 1114112K
  class space    used 5350K, committed 5952K, reserved 1048576K
}
Event: 19.939 GC heap after
{Heap after GC invocations=26 (full 2):
 PSYoungGen      total 17408K, used 992K [0x00000000d5580000, 0x00000000d6c80000, 0x0000000100000000)
  eden space 16384K, 0% used [0x00000000d5580000,0x00000000d5580000,0x00000000d6580000)
  from space 1024K, 96% used [0x00000000d6b00000,0x00000000d6bf8010,0x00000000d6c00000)
  to   space 3584K, 0% used [0x00000000d6580000,0x00000000d6580000,0x00000000d6900000)
 ParOldGen       total 68608K, used 38643K [0x0000000080000000, 0x0000000084300000, 0x00000000d5580000)
  object space 68608K, 56% used [0x0000000080000000,0x00000000825bcf20,0x0000000084300000)
 Metaspace       used 49191K, committed 50560K, reserved 1114112K
  class space    used 5350K, committed 5952K, reserved 1048576K
}
Event: 20.002 GC heap before
{Heap before GC invocations=27 (full 2):
 PSYoungGen      total 17408K, used 17376K [0x00000000d5580000, 0x00000000d6c80000, 0x0000000100000000)
  eden space 16384K, 100% used [0x00000000d5580000,0x00000000d6580000,0x00000000d6580000)
  from space 1024K, 96% used [0x00000000d6b00000,0x00000000d6bf8010,0x00000000d6c00000)
  to   space 3584K, 0% used [0x00000000d6580000,0x00000000d6580000,0x00000000d6900000)
 ParOldGen       total 68608K, used 38643K [0x0000000080000000, 0x0000000084300000, 0x00000000d5580000)
  object space 68608K, 56% used [0x0000000080000000,0x00000000825bcf20,0x0000000084300000)
 Metaspace       used 49554K, committed 50944K, reserved 1114112K
  class space    used 5407K, committed 6016K, reserved 1048576K
}
Event: 20.005 GC heap after
{Heap after GC invocations=27 (full 2):
 PSYoungGen      total 19968K, used 1794K [0x00000000d5580000, 0x00000000d6b80000, 0x0000000100000000)
  eden space 16384K, 0% used [0x00000000d5580000,0x00000000d5580000,0x00000000d6580000)
  from space 3584K, 50% used [0x00000000d6580000,0x00000000d6740810,0x00000000d6900000)
  to   space 2560K, 0% used [0x00000000d6900000,0x00000000d6900000,0x00000000d6b80000)
 ParOldGen       total 68608K, used 39667K [0x0000000080000000, 0x0000000084300000, 0x00000000d5580000)
  object space 68608K, 57% used [0x0000000080000000,0x00000000826bcf30,0x0000000084300000)
 Metaspace       used 49554K, committed 50944K, reserved 1114112K
  class space    used 5407K, committed 6016K, reserved 1048576K
}
Event: 20.027 GC heap before
{Heap before GC invocations=28 (full 2):
 PSYoungGen      total 19968K, used 18178K [0x00000000d5580000, 0x00000000d6b80000, 0x0000000100000000)
  eden space 16384K, 100% used [0x00000000d5580000,0x00000000d6580000,0x00000000d6580000)
  from space 3584K, 50% used [0x00000000d6580000,0x00000000d6740810,0x00000000d6900000)
  to   space 2560K, 0% used [0x00000000d6900000,0x00000000d6900000,0x00000000d6b80000)
 ParOldGen       total 68608K, used 39667K [0x0000000080000000, 0x0000000084300000, 0x00000000d5580000)
  object space 68608K, 57% used [0x0000000080000000,0x00000000826bcf30,0x0000000084300000)
 Metaspace       used 49559K, committed 50944K, reserved 1114112K
  class space    used 5407K, committed 6016K, reserved 1048576K
}
Event: 20.031 GC heap after
{Heap after GC invocations=28 (full 2):
 PSYoungGen      total 18432K, used 1664K [0x00000000d5580000, 0x00000000d6b00000, 0x0000000100000000)
  eden space 16384K, 0% used [0x00000000d5580000,0x00000000d5580000,0x00000000d6580000)
  from space 2048K, 81% used [0x00000000d6900000,0x00000000d6aa0010,0x00000000d6b00000)
  to   space 2048K, 0% used [0x00000000d6700000,0x00000000d6700000,0x00000000d6900000)
 ParOldGen       total 68608K, used 41402K [0x0000000080000000, 0x0000000084300000, 0x00000000d5580000)
  object space 68608K, 60% used [0x0000000080000000,0x000000008286e850,0x0000000084300000)
 Metaspace       used 49559K, committed 50944K, reserved 1114112K
  class space    used 5407K, committed 6016K, reserved 1048576K
}
Event: 20.071 GC heap before
{Heap before GC invocations=29 (full 2):
 PSYoungGen      total 18432K, used 18048K [0x00000000d5580000, 0x00000000d6b00000, 0x0000000100000000)
  eden space 16384K, 100% used [0x00000000d5580000,0x00000000d6580000,0x00000000d6580000)
  from space 2048K, 81% used [0x00000000d6900000,0x00000000d6aa0010,0x00000000d6b00000)
  to   space 2048K, 0% used [0x00000000d6700000,0x00000000d6700000,0x00000000d6900000)
 ParOldGen       total 68608K, used 41402K [0x0000000080000000, 0x0000000084300000, 0x00000000d5580000)
  object space 68608K, 60% used [0x0000000080000000,0x000000008286e850,0x0000000084300000)
 Metaspace       used 49573K, committed 50944K, reserved 1114112K
  class space    used 5407K, committed 6016K, reserved 1048576K
}
Event: 20.073 GC heap after
{Heap after GC invocations=29 (full 2):
 PSYoungGen      total 18432K, used 1600K [0x00000000d5580000, 0x00000000d6980000, 0x0000000100000000)
  eden space 16384K, 0% used [0x00000000d5580000,0x00000000d5580000,0x00000000d6580000)
  from space 2048K, 78% used [0x00000000d6700000,0x00000000d6890000,0x00000000d6900000)
  to   space 512K, 0% used [0x00000000d6900000,0x00000000d6900000,0x00000000d6980000)
 ParOldGen       total 68608K, used 42946K [0x0000000080000000, 0x0000000084300000, 0x00000000d5580000)
  object space 68608K, 62% used [0x0000000080000000,0x00000000829f0860,0x0000000084300000)
 Metaspace       used 49573K, committed 50944K, reserved 1114112K
  class space    used 5407K, committed 6016K, reserved 1048576K
}
Event: 20.108 GC heap before
{Heap before GC invocations=30 (full 2):
 PSYoungGen      total 18432K, used 17984K [0x00000000d5580000, 0x00000000d6980000, 0x0000000100000000)
  eden space 16384K, 100% used [0x00000000d5580000,0x00000000d6580000,0x00000000d6580000)
  from space 2048K, 78% used [0x00000000d6700000,0x00000000d6890000,0x00000000d6900000)
  to   space 512K, 0% used [0x00000000d6900000,0x00000000d6900000,0x00000000d6980000)
 ParOldGen       total 68608K, used 42946K [0x0000000080000000, 0x0000000084300000, 0x00000000d5580000)
  object space 68608K, 62% used [0x0000000080000000,0x00000000829f0860,0x0000000084300000)
 Metaspace       used 49578K, committed 50944K, reserved 1114112K
  class space    used 5407K, committed 6016K, reserved 1048576K
}
Event: 20.112 GC heap after
{Heap after GC invocations=30 (full 2):
 PSYoungGen      total 16896K, used 512K [0x00000000d5580000, 0x00000000d6980000, 0x0000000100000000)
  eden space 16384K, 0% used [0x00000000d5580000,0x00000000d5580000,0x00000000d6580000)
  from space 512K, 100% used [0x00000000d6900000,0x00000000d6980000,0x00000000d6980000)
  to   space 2048K, 0% used [0x00000000d6700000,0x00000000d6700000,0x00000000d6900000)
 ParOldGen       total 68608K, used 45494K [0x0000000080000000, 0x0000000084300000, 0x00000000d5580000)
  object space 68608K, 66% used [0x0000000080000000,0x0000000082c6d840,0x0000000084300000)
 Metaspace       used 49578K, committed 50944K, reserved 1114112K
  class space    used 5407K, committed 6016K, reserved 1048576K
}
Event: 20.152 GC heap before
{Heap before GC invocations=31 (full 2):
 PSYoungGen      total 16896K, used 16896K [0x00000000d5580000, 0x00000000d6980000, 0x0000000100000000)
  eden space 16384K, 100% used [0x00000000d5580000,0x00000000d6580000,0x00000000d6580000)
  from space 512K, 100% used [0x00000000d6900000,0x00000000d6980000,0x00000000d6980000)
  to   space 2048K, 0% used [0x00000000d6700000,0x00000000d6700000,0x00000000d6900000)
 ParOldGen       total 68608K, used 45494K [0x0000000080000000, 0x0000000084300000, 0x00000000d5580000)
  object space 68608K, 66% used [0x0000000080000000,0x0000000082c6d840,0x0000000084300000)
 Metaspace       used 49591K, committed 50944K, reserved 1114112K
  class space    used 5408K, committed 6016K, reserved 1048576K
}
Event: 20.154 GC heap after
{Heap after GC invocations=31 (full 2):
 PSYoungGen      total 18432K, used 1728K [0x00000000d5580000, 0x00000000d6a80000, 0x0000000100000000)
  eden space 16384K, 0% used [0x00000000d5580000,0x00000000d5580000,0x00000000d6580000)
  from space 2048K, 84% used [0x00000000d6700000,0x00000000d68b0010,0x00000000d6900000)
  to   space 1536K, 0% used [0x00000000d6900000,0x00000000d6900000,0x00000000d6a80000)
 ParOldGen       total 68608K, used 46038K [0x0000000080000000, 0x0000000084300000, 0x00000000d5580000)
  object space 68608K, 67% used [0x0000000080000000,0x0000000082cf5840,0x0000000084300000)
 Metaspace       used 49591K, committed 50944K, reserved 1114112K
  class space    used 5408K, committed 6016K, reserved 1048576K
}
Event: 20.209 GC heap before
{Heap before GC invocations=32 (full 2):
 PSYoungGen      total 18432K, used 18112K [0x00000000d5580000, 0x00000000d6a80000, 0x0000000100000000)
  eden space 16384K, 100% used [0x00000000d5580000,0x00000000d6580000,0x00000000d6580000)
  from space 2048K, 84% used [0x00000000d6700000,0x00000000d68b0010,0x00000000d6900000)
  to   space 1536K, 0% used [0x00000000d6900000,0x00000000d6900000,0x00000000d6a80000)
 ParOldGen       total 68608K, used 46038K [0x0000000080000000, 0x0000000084300000, 0x00000000d5580000)
  object space 68608K, 67% used [0x0000000080000000,0x0000000082cf5840,0x0000000084300000)
 Metaspace       used 49613K, committed 50944K, reserved 1114112K
  class space    used 5408K, committed 6016K, reserved 1048576K
}
Event: 20.212 GC heap after
{Heap after GC invocations=32 (full 2):
 PSYoungGen      total 17920K, used 1432K [0x00000000d5580000, 0x00000000d6a80000, 0x0000000100000000)
  eden space 16384K, 0% used [0x00000000d5580000,0x00000000d5580000,0x00000000d6580000)
  from space 1536K, 93% used [0x00000000d6900000,0x00000000d6a66200,0x00000000d6a80000)
  to   space 2048K, 0% used [0x00000000d6680000,0x00000000d6680000,0x00000000d6880000)
 ParOldGen       total 68608K, used 47662K [0x0000000080000000, 0x0000000084300000, 0x00000000d5580000)
  object space 68608K, 69% used [0x0000000080000000,0x0000000082e8b850,0x0000000084300000)
 Metaspace       used 49613K, committed 50944K, reserved 1114112K
  class space    used 5408K, committed 6016K, reserved 1048576K
}
Event: 20.270 GC heap before
{Heap before GC invocations=33 (full 2):
 PSYoungGen      total 17920K, used 17816K [0x00000000d5580000, 0x00000000d6a80000, 0x0000000100000000)
  eden space 16384K, 100% used [0x00000000d5580000,0x00000000d6580000,0x00000000d6580000)
  from space 1536K, 93% used [0x00000000d6900000,0x00000000d6a66200,0x00000000d6a80000)
  to   space 2048K, 0% used [0x00000000d6680000,0x00000000d6680000,0x00000000d6880000)
 ParOldGen       total 68608K, used 47662K [0x0000000080000000, 0x0000000084300000, 0x00000000d5580000)
  object space 68608K, 69% used [0x0000000080000000,0x0000000082e8b850,0x0000000084300000)
 Metaspace       used 49733K, committed 51072K, reserved 1114112K
  class space    used 5423K, committed 6016K, reserved 1048576K
}
Event: 20.273 GC heap after
{Heap after GC invocations=33 (full 2):
 PSYoungGen      total 17920K, used 1280K [0x00000000d5580000, 0x00000000d6980000, 0x0000000100000000)
  eden space 16384K, 0% used [0x00000000d5580000,0x00000000d5580000,0x00000000d6580000)
  from space 1536K, 83% used [0x00000000d6680000,0x00000000d67c0000,0x00000000d6800000)
  to   space 1536K, 0% used [0x00000000d6800000,0x00000000d6800000,0x00000000d6980000)
 ParOldGen       total 68608K, used 49038K [0x0000000080000000, 0x0000000084300000, 0x00000000d5580000)
  object space 68608K, 71% used [0x0000000080000000,0x0000000082fe3a50,0x0000000084300000)
 Metaspace       used 49733K, committed 51072K, reserved 1114112K
  class space    used 5423K, committed 6016K, reserved 1048576K
}
Event: 20.656 GC heap before
{Heap before GC invocations=34 (full 2):
 PSYoungGen      total 17920K, used 17601K [0x00000000d5580000, 0x00000000d6980000, 0x0000000100000000)
  eden space 16384K, 99% used [0x00000000d5580000,0x00000000d6570438,0x00000000d6580000)
  from space 1536K, 83% used [0x00000000d6680000,0x00000000d67c0000,0x00000000d6800000)
  to   space 1536K, 0% used [0x00000000d6800000,0x00000000d6800000,0x00000000d6980000)
 ParOldGen       total 68608K, used 49038K [0x0000000080000000, 0x0000000084300000, 0x00000000d5580000)
  object space 68608K, 71% used [0x0000000080000000,0x0000000082fe3a50,0x0000000084300000)
 Metaspace       used 51553K, committed 52928K, reserved 1114112K
  class space    used 5666K, committed 6272K, reserved 1048576K
}
Event: 20.658 GC heap after
{Heap after GC invocations=34 (full 2):
 PSYoungGen      total 17408K, used 747K [0x00000000d5580000, 0x00000000d6900000, 0x0000000100000000)
  eden space 16384K, 0% used [0x00000000d5580000,0x00000000d5580000,0x00000000d6580000)
  from space 1024K, 73% used [0x00000000d6800000,0x00000000d68bae58,0x00000000d6900000)
  to   space 1024K, 0% used [0x00000000d6700000,0x00000000d6700000,0x00000000d6800000)
 ParOldGen       total 68608K, used 50187K [0x0000000080000000, 0x0000000084300000, 0x00000000d5580000)
  object space 68608K, 73% used [0x0000000080000000,0x0000000083102da8,0x0000000084300000)
 Metaspace       used 51553K, committed 52928K, reserved 1114112K
  class space    used 5666K, committed 6272K, reserved 1048576K
}
Event: 21.192 GC heap before
{Heap before GC invocations=35 (full 2):
 PSYoungGen      total 17408K, used 17131K [0x00000000d5580000, 0x00000000d6900000, 0x0000000100000000)
  eden space 16384K, 100% used [0x00000000d5580000,0x00000000d6580000,0x00000000d6580000)
  from space 1024K, 73% used [0x00000000d6800000,0x00000000d68bae58,0x00000000d6900000)
  to   space 1024K, 0% used [0x00000000d6700000,0x00000000d6700000,0x00000000d6800000)
 ParOldGen       total 68608K, used 50187K [0x0000000080000000, 0x0000000084300000, 0x00000000d5580000)
  object space 68608K, 73% used [0x0000000080000000,0x0000000083102da8,0x0000000084300000)
 Metaspace       used 52262K, committed 53632K, reserved 1114112K
  class space    used 5755K, committed 6336K, reserved 1048576K
}
Event: 21.194 GC heap after
{Heap after GC invocations=35 (full 2):
 PSYoungGen      total 16896K, used 384K [0x00000000d5580000, 0x00000000d6880000, 0x0000000100000000)
  eden space 16384K, 0% used [0x00000000d5580000,0x00000000d5580000,0x00000000d6580000)
  from space 512K, 75% used [0x00000000d6700000,0x00000000d6760000,0x00000000d6780000)
  to   space 1024K, 0% used [0x00000000d6780000,0x00000000d6780000,0x00000000d6880000)
 ParOldGen       total 68608K, used 50822K [0x0000000080000000, 0x0000000084300000, 0x00000000d5580000)
  object space 68608K, 74% used [0x0000000080000000,0x00000000831a1818,0x0000000084300000)
 Metaspace       used 52262K, committed 53632K, reserved 1114112K
  class space    used 5755K, committed 6336K, reserved 1048576K
}

