# JRE version: OpenJDK Runtime Environment Temurin-21.0.12.1+1 (21.0.12.1+1) (build 21.0.12.1+1-LTS)
# Java VM: OpenJDK 64-Bit Server VM Temurin-21.0.12.1+1 (21.0.12.1+1-LTS, mixed mode, sharing, tiered, compressed oops, compressed class ptrs, parallel gc, windows-amd64)
GC Precious Log:
 CardTable entry size: 512
 CPUs: 8 total, 8 available
 Memory: 3820M
 Large Page Support: Disabled
 NUMA Support: Disabled
 Compressed Oops: Enabled (32-bit)
 Alignments: Space 512K, Generation 512K, Heap 2M
 Heap Min Capacity: 100M
 Heap Initial Capacity: 100M
 Heap Max Capacity: 2G
 Pre-touch: Disabled
 Parallel Workers: 8
Heap:
 PSYoungGen      total 4608K, used 934K [0x00000000d5580000, 0x00000000d5b80000, 0x0000000100000000)
  eden space 3584K, 19% used [0x00000000d5580000,0x00000000d5631838,0x00000000d5900000)
  from space 1024K, 21% used [0x00000000d5900000,0x00000000d5938000,0x00000000d5a00000)
  to   space 512K, 0% used [0x00000000d5b00000,0x00000000d5b00000,0x00000000d5b80000)
 ParOldGen       total 267264K, used 266934K [0x0000000080000000, 0x0000000090500000, 0x00000000d5580000)
  object space 267264K, 99% used [0x0000000080000000,0x00000000904ad9e8,0x0000000090500000)
 Metaspace       used 46155K, committed 47232K, reserved 1114112K
  class space    used 4560K, committed 5056K, reserved 1048576K
GC Heap History (20 events):
Event: 1188.993 GC heap before
{Heap before GC invocations=107 (full 2):
 PSYoungGen      total 5632K, used 5414K [0x00000000d5580000, 0x00000000d5c80000, 0x0000000100000000)
  eden space 4096K, 100% used [0x00000000d5580000,0x00000000d5980000,0x00000000d5980000)
  from space 1536K, 85% used [0x00000000d5b00000,0x00000000d5c49a60,0x00000000d5c80000)
  to   space 1536K, 0% used [0x00000000d5980000,0x00000000d5980000,0x00000000d5b00000)
 ParOldGen       total 257536K, used 257380K [0x0000000080000000, 0x000000008fb80000, 0x00000000d5580000)
  object space 257536K, 99% used [0x0000000080000000,0x000000008fb59138,0x000000008fb80000)
 Metaspace       used 45801K, committed 46912K, reserved 1114112K
  class space    used 4556K, committed 5056K, reserved 1048576K
}
Event: 1189.037 GC heap after
{Heap after GC invocations=107 (full 2):
 PSYoungGen      total 5632K, used 1346K [0x00000000d5580000, 0x00000000d5c80000, 0x0000000100000000)
  eden space 4096K, 0% used [0x00000000d5580000,0x00000000d5580000,0x00000000d5980000)
  from space 1536K, 87% used [0x00000000d5980000,0x00000000d5ad0ac0,0x00000000d5b00000)
  to   space 1536K, 0% used [0x00000000d5b00000,0x00000000d5b00000,0x00000000d5c80000)
 ParOldGen       total 258560K, used 258484K [0x0000000080000000, 0x000000008fc80000, 0x00000000d5580000)
  object space 258560K, 99% used [0x0000000080000000,0x000000008fc6d090,0x000000008fc80000)
 Metaspace       used 45801K, committed 46912K, reserved 1114112K
  class space    used 4556K, committed 5056K, reserved 1048576K
}
Event: 1189.235 GC heap before
{Heap before GC invocations=108 (full 2):
 PSYoungGen      total 5632K, used 5442K [0x00000000d5580000, 0x00000000d5c80000, 0x0000000100000000)
  eden space 4096K, 99% used [0x00000000d5580000,0x00000000d597fff0,0x00000000d5980000)
  from space 1536K, 87% used [0x00000000d5980000,0x00000000d5ad0ac0,0x00000000d5b00000)
  to   space 1536K, 0% used [0x00000000d5b00000,0x00000000d5b00000,0x00000000d5c80000)
 ParOldGen       total 258560K, used 258484K [0x0000000080000000, 0x000000008fc80000, 0x00000000d5580000)
  object space 258560K, 99% used [0x0000000080000000,0x000000008fc6d090,0x000000008fc80000)
 Metaspace       used 45801K, committed 46912K, reserved 1114112K
  class space    used 4556K, committed 5056K, reserved 1048576K
}
Event: 1189.244 GC heap after
{Heap after GC invocations=108 (full 2):
 PSYoungGen      total 5632K, used 1308K [0x00000000d5580000, 0x00000000d5c80000, 0x0000000100000000)
  eden space 4096K, 0% used [0x00000000d5580000,0x00000000d5580000,0x00000000d5980000)
  from space 1536K, 85% used [0x00000000d5b00000,0x00000000d5c47210,0x00000000d5c80000)
  to   space 1536K, 0% used [0x00000000d5980000,0x00000000d5980000,0x00000000d5b00000)
 ParOldGen       total 260096K, used 259728K [0x0000000080000000, 0x000000008fe00000, 0x00000000d5580000)
  object space 260096K, 99% used [0x0000000080000000,0x000000008fda4360,0x000000008fe00000)
 Metaspace       used 45801K, committed 46912K, reserved 1114112K
  class space    used 4556K, committed 5056K, reserved 1048576K
}
Event: 1189.410 GC heap before
{Heap before GC invocations=109 (full 2):
 PSYoungGen      total 5632K, used 5404K [0x00000000d5580000, 0x00000000d5c80000, 0x0000000100000000)
  eden space 4096K, 100% used [0x00000000d5580000,0x00000000d5980000,0x00000000d5980000)
  from space 1536K, 85% used [0x00000000d5b00000,0x00000000d5c47210,0x00000000d5c80000)
  to   space 1536K, 0% used [0x00000000d5980000,0x00000000d5980000,0x00000000d5b00000)
 ParOldGen       total 260096K, used 259728K [0x0000000080000000, 0x000000008fe00000, 0x00000000d5580000)
  object space 260096K, 99% used [0x0000000080000000,0x000000008fda4360,0x000000008fe00000)
 Metaspace       used 45801K, committed 46912K, reserved 1114112K
  class space    used 4556K, committed 5056K, reserved 1048576K
}
Event: 1189.415 GC heap after
{Heap after GC invocations=109 (full 2):
 PSYoungGen      total 5632K, used 1088K [0x00000000d5580000, 0x00000000d5c80000, 0x0000000100000000)
  eden space 4096K, 0% used [0x00000000d5580000,0x00000000d5580000,0x00000000d5980000)
  from space 1536K, 70% used [0x00000000d5980000,0x00000000d5a90000,0x00000000d5b00000)
  to   space 1536K, 0% used [0x00000000d5b00000,0x00000000d5b00000,0x00000000d5c80000)
 ParOldGen       total 261120K, used 260981K [0x0000000080000000, 0x000000008ff00000, 0x00000000d5580000)
  object space 261120K, 99% used [0x0000000080000000,0x000000008fedd698,0x000000008ff00000)
 Metaspace       used 45801K, committed 46912K, reserved 1114112K
  class space    used 4556K, committed 5056K, reserved 1048576K
}
Event: 1189.526 GC heap before
{Heap before GC invocations=110 (full 2):
 PSYoungGen      total 5632K, used 5184K [0x00000000d5580000, 0x00000000d5c80000, 0x0000000100000000)
  eden space 4096K, 100% used [0x00000000d5580000,0x00000000d5980000,0x00000000d5980000)
  from space 1536K, 70% used [0x00000000d5980000,0x00000000d5a90000,0x00000000d5b00000)
  to   space 1536K, 0% used [0x00000000d5b00000,0x00000000d5b00000,0x00000000d5c80000)
 ParOldGen       total 261120K, used 260981K [0x0000000080000000, 0x000000008ff00000, 0x00000000d5580000)
  object space 261120K, 99% used [0x0000000080000000,0x000000008fedd698,0x000000008ff00000)
 Metaspace       used 45801K, committed 46912K, reserved 1114112K
  class space    used 4556K, committed 5056K, reserved 1048576K
}
Event: 1189.531 GC heap after
{Heap after GC invocations=110 (full 2):
 PSYoungGen      total 5120K, used 1480K [0x00000000d5580000, 0x00000000d5d80000, 0x0000000100000000)
  eden space 3584K, 0% used [0x00000000d5580000,0x00000000d5580000,0x00000000d5900000)
  from space 1536K, 96% used [0x00000000d5b00000,0x00000000d5c72118,0x00000000d5c80000)
  to   space 2048K, 0% used [0x00000000d5900000,0x00000000d5900000,0x00000000d5b00000)
 ParOldGen       total 262144K, used 262011K [0x0000000080000000, 0x0000000090000000, 0x00000000d5580000)
  object space 262144K, 99% used [0x0000000080000000,0x000000008ffded00,0x0000000090000000)
 Metaspace       used 45801K, committed 46912K, reserved 1114112K
  class space    used 4556K, committed 5056K, reserved 1048576K
}
Event: 1189.588 GC heap before
{Heap before GC invocations=111 (full 2):
 PSYoungGen      total 5120K, used 5048K [0x00000000d5580000, 0x00000000d5d80000, 0x0000000100000000)
  eden space 3584K, 99% used [0x00000000d5580000,0x00000000d58fc2c0,0x00000000d5900000)
  from space 1536K, 96% used [0x00000000d5b00000,0x00000000d5c72118,0x00000000d5c80000)
  to   space 2048K, 0% used [0x00000000d5900000,0x00000000d5900000,0x00000000d5b00000)
 ParOldGen       total 262144K, used 262011K [0x0000000080000000, 0x0000000090000000, 0x00000000d5580000)
  object space 262144K, 99% used [0x0000000080000000,0x000000008ffded00,0x0000000090000000)
 Metaspace       used 45801K, committed 46912K, reserved 1114112K
  class space    used 4556K, committed 5056K, reserved 1048576K
}
Event: 1189.631 GC heap after
{Heap after GC invocations=111 (full 2):
 PSYoungGen      total 5120K, used 1146K [0x00000000d5580000, 0x00000000d5c00000, 0x0000000100000000)
  eden space 3584K, 0% used [0x00000000d5580000,0x00000000d5580000,0x00000000d5900000)
  from space 1536K, 74% used [0x00000000d5900000,0x00000000d5a1eb50,0x00000000d5a80000)
  to   space 1536K, 0% used [0x00000000d5a80000,0x00000000d5a80000,0x00000000d5c00000)
 ParOldGen       total 263680K, used 263546K [0x0000000080000000, 0x0000000090180000, 0x00000000d5580000)
  object space 263680K, 99% used [0x0000000080000000,0x000000009015eaf8,0x0000000090180000)
 Metaspace       used 45801K, committed 46912K, reserved 1114112K
  class space    used 4556K, committed 5056K, reserved 1048576K
}
Event: 1190.311 GC heap before
{Heap before GC invocations=112 (full 2):
 PSYoungGen      total 5120K, used 4730K [0x00000000d5580000, 0x00000000d5c00000, 0x0000000100000000)
  eden space 3584K, 100% used [0x00000000d5580000,0x00000000d5900000,0x00000000d5900000)
  from space 1536K, 74% used [0x00000000d5900000,0x00000000d5a1eb50,0x00000000d5a80000)
  to   space 1536K, 0% used [0x00000000d5a80000,0x00000000d5a80000,0x00000000d5c00000)
 ParOldGen       total 263680K, used 263546K [0x0000000080000000, 0x0000000090180000, 0x00000000d5580000)
  object space 263680K, 99% used [0x0000000080000000,0x000000009015eaf8,0x0000000090180000)
 Metaspace       used 45825K, committed 46912K, reserved 1114112K
  class space    used 4558K, committed 5056K, reserved 1048576K
}
Event: 1190.316 GC heap after
{Heap after GC invocations=112 (full 2):
 PSYoungGen      total 5120K, used 970K [0x00000000d5580000, 0x00000000d5c00000, 0x0000000100000000)
  eden space 3584K, 0% used [0x00000000d5580000,0x00000000d5580000,0x00000000d5900000)
  from space 1536K, 63% used [0x00000000d5a80000,0x00000000d5b72990,0x00000000d5c00000)
  to   space 1536K, 0% used [0x00000000d5900000,0x00000000d5900000,0x00000000d5a80000)
 ParOldGen       total 264704K, used 264615K [0x0000000080000000, 0x0000000090280000, 0x00000000d5580000)
  object space 264704K, 99% used [0x0000000080000000,0x0000000090269ee8,0x0000000090280000)
 Metaspace       used 45825K, committed 46912K, reserved 1114112K
  class space    used 4558K, committed 5056K, reserved 1048576K
}
Event: 1190.641 GC heap before
{Heap before GC invocations=113 (full 2):
 PSYoungGen      total 5120K, used 4554K [0x00000000d5580000, 0x00000000d5c00000, 0x0000000100000000)
  eden space 3584K, 99% used [0x00000000d5580000,0x00000000d58ffff0,0x00000000d5900000)
  from space 1536K, 63% used [0x00000000d5a80000,0x00000000d5b72990,0x00000000d5c00000)
  to   space 1536K, 0% used [0x00000000d5900000,0x00000000d5900000,0x00000000d5a80000)
 ParOldGen       total 264704K, used 264615K [0x0000000080000000, 0x0000000090280000, 0x00000000d5580000)
  object space 264704K, 99% used [0x0000000080000000,0x0000000090269ee8,0x0000000090280000)
 Metaspace       used 45876K, committed 46912K, reserved 1114112K
  class space    used 4560K, committed 5056K, reserved 1048576K
}
Event: 1190.644 GC heap after
{Heap after GC invocations=113 (full 2):
 PSYoungGen      total 4096K, used 352K [0x00000000d5580000, 0x00000000d5b00000, 0x0000000100000000)
  eden space 3584K, 0% used [0x00000000d5580000,0x00000000d5580000,0x00000000d5900000)
  from space 512K, 68% used [0x00000000d5900000,0x00000000d5958000,0x00000000d5980000)
  to   space 1024K, 0% used [0x00000000d5a00000,0x00000000d5a00000,0x00000000d5b00000)
 ParOldGen       total 265728K, used 265508K [0x0000000080000000, 0x0000000090380000, 0x00000000d5580000)
  object space 265728K, 99% used [0x0000000080000000,0x0000000090349298,0x0000000090380000)
 Metaspace       used 45876K, committed 46912K, reserved 1114112K
  class space    used 4560K, committed 5056K, reserved 1048576K
}
Event: 1190.756 GC heap before
{Heap before GC invocations=114 (full 2):
 PSYoungGen      total 4096K, used 3936K [0x00000000d5580000, 0x00000000d5b00000, 0x0000000100000000)
  eden space 3584K, 100% used [0x00000000d5580000,0x00000000d5900000,0x00000000d5900000)
  from space 512K, 68% used [0x00000000d5900000,0x00000000d5958000,0x00000000d5980000)
  to   space 1024K, 0% used [0x00000000d5a00000,0x00000000d5a00000,0x00000000d5b00000)
 ParOldGen       total 265728K, used 265508K [0x0000000080000000, 0x0000000090380000, 0x00000000d5580000)
  object space 265728K, 99% used [0x0000000080000000,0x0000000090349298,0x0000000090380000)
 Metaspace       used 45893K, committed 46976K, reserved 1114112K
  class space    used 4560K, committed 5056K, reserved 1048576K
}
Event: 1190.759 GC heap after
{Heap after GC invocations=114 (full 2):
 PSYoungGen      total 4608K, used 512K [0x00000000d5580000, 0x00000000d5b00000, 0x0000000100000000)
  eden space 3584K, 0% used [0x00000000d5580000,0x00000000d5580000,0x00000000d5900000)
  from space 1024K, 50% used [0x00000000d5a00000,0x00000000d5a80000,0x00000000d5b00000)
  to   space 1024K, 0% used [0x00000000d5900000,0x00000000d5900000,0x00000000d5a00000)
 ParOldGen       total 265728K, used 265681K [0x0000000080000000, 0x0000000090380000, 0x00000000d5580000)
  object space 265728K, 99% used [0x0000000080000000,0x0000000090374728,0x0000000090380000)
 Metaspace       used 45893K, committed 46976K, reserved 1114112K
  class space    used 4560K, committed 5056K, reserved 1048576K
}
Event: 1190.824 GC heap before
{Heap before GC invocations=115 (full 2):
 PSYoungGen      total 4608K, used 4096K [0x00000000d5580000, 0x00000000d5b00000, 0x0000000100000000)
  eden space 3584K, 100% used [0x00000000d5580000,0x00000000d5900000,0x00000000d5900000)
  from space 1024K, 50% used [0x00000000d5a00000,0x00000000d5a80000,0x00000000d5b00000)
  to   space 1024K, 0% used [0x00000000d5900000,0x00000000d5900000,0x00000000d5a00000)
 ParOldGen       total 265728K, used 265681K [0x0000000080000000, 0x0000000090380000, 0x00000000d5580000)
  object space 265728K, 99% used [0x0000000080000000,0x0000000090374728,0x0000000090380000)
 Metaspace       used 45951K, committed 46976K, reserved 1114112K
  class space    used 4560K, committed 5056K, reserved 1048576K
}
Event: 1190.830 GC heap after
{Heap after GC invocations=115 (full 2):
 PSYoungGen      total 4608K, used 1024K [0x00000000d5580000, 0x00000000d5d00000, 0x0000000100000000)
  eden space 3584K, 0% used [0x00000000d5580000,0x00000000d5580000,0x00000000d5900000)
  from space 1024K, 100% used [0x00000000d5900000,0x00000000d5a00000,0x00000000d5a00000)
  to   space 2048K, 0% used [0x00000000d5b00000,0x00000000d5b00000,0x00000000d5d00000)
 ParOldGen       total 266240K, used 266073K [0x0000000080000000, 0x0000000090400000, 0x00000000d5580000)
  object space 266240K, 99% used [0x0000000080000000,0x00000000903d6748,0x0000000090400000)
 Metaspace       used 45951K, committed 46976K, reserved 1114112K
  class space    used 4560K, committed 5056K, reserved 1048576K
}
Event: 1190.923 GC heap before
{Heap before GC invocations=116 (full 2):
 PSYoungGen      total 4608K, used 4608K [0x00000000d5580000, 0x00000000d5d00000, 0x0000000100000000)
  eden space 3584K, 100% used [0x00000000d5580000,0x00000000d5900000,0x00000000d5900000)
  from space 1024K, 100% used [0x00000000d5900000,0x00000000d5a00000,0x00000000d5a00000)
  to   space 2048K, 0% used [0x00000000d5b00000,0x00000000d5b00000,0x00000000d5d00000)
 ParOldGen       total 266240K, used 266073K [0x0000000080000000, 0x0000000090400000, 0x00000000d5580000)
  object space 266240K, 99% used [0x0000000080000000,0x00000000903d6748,0x0000000090400000)
 Metaspace       used 46073K, committed 47104K, reserved 1114112K
  class space    used 4560K, committed 5056K, reserved 1048576K
}
Event: 1190.926 GC heap after
{Heap after GC invocations=116 (full 2):
 PSYoungGen      total 4608K, used 608K [0x00000000d5580000, 0x00000000d5c00000, 0x0000000100000000)
  eden space 3584K, 0% used [0x00000000d5580000,0x00000000d5580000,0x00000000d5900000)
  from space 1024K, 59% used [0x00000000d5b00000,0x00000000d5b98000,0x00000000d5c00000)
  to   space 1024K, 0% used [0x00000000d5900000,0x00000000d5900000,0x00000000d5a00000)
 ParOldGen       total 266752K, used 266510K [0x0000000080000000, 0x0000000090480000, 0x00000000d5580000)
  object space 266752K, 99% used [0x0000000080000000,0x00000000904439e8,0x0000000090480000)
 Metaspace       used 46073K, committed 47104K, reserved 1114112K
  class space    used 4560K, committed 5056K, reserved 1048576K
}

