# JRE version: OpenJDK Runtime Environment Temurin-21.0.12.1+1 (21.0.12.1+1) (build 21.0.12.1+1-LTS)
# Java VM: OpenJDK 64-Bit Server VM Temurin-21.0.12.1+1 (21.0.12.1+1-LTS, mixed mode, sharing, tiered, compressed oops, compressed class ptrs, parallel gc, windows-amd64)
GC Precious Log:
 CardTable entry size: 512
 CPUs: 8 total, 8 available
 Memory: 3820M
 Large Page Support: Disabled
 NUMA Support: Disabled
 Compressed Oops: Enabled (32-bit)
 Alignments: Space 512K, Generation 512K, Heap 2M
 Heap Min Capacity: 100M
 Heap Initial Capacity: 100M
 Heap Max Capacity: 2G
 Pre-touch: Disabled
 Parallel Workers: 8
Heap:
 PSYoungGen      total 2560K, used 2186K [0x00000000d5580000, 0x00000000d5980000, 0x0000000100000000)
  eden space 1536K, 76% used [0x00000000d5580000,0x00000000d56a59f0,0x00000000d5700000)
  from space 1024K, 98% used [0x00000000d5780000,0x00000000d587d198,0x00000000d5880000)
  to   space 1024K, 0% used [0x00000000d5880000,0x00000000d5880000,0x00000000d5980000)
 ParOldGen       total 206848K, used 206675K [0x0000000080000000, 0x000000008ca00000, 0x00000000d5580000)
  object space 206848K, 99% used [0x0000000080000000,0x000000008c9d4da8,0x000000008ca00000)
 Metaspace       used 74219K, committed 75776K, reserved 1179648K
  class space    used 7549K, committed 8256K, reserved 1048576K
GC Heap History (20 events):
Event: 1184.464 GC heap before
{Heap before GC invocations=351 (full 3):
 PSYoungGen      total 2048K, used 1978K [0x00000000d5580000, 0x00000000d5880000, 0x0000000100000000)
  eden space 1536K, 100% used [0x00000000d5580000,0x00000000d5700000,0x00000000d5700000)
  from space 512K, 86% used [0x00000000d5700000,0x00000000d576e900,0x00000000d5780000)
  to   space 512K, 0% used [0x00000000d5800000,0x00000000d5800000,0x00000000d5880000)
 ParOldGen       total 198144K, used 198058K [0x0000000080000000, 0x000000008c180000, 0x00000000d5580000)
  object space 198144K, 99% used [0x0000000080000000,0x000000008c16aa18,0x000000008c180000)
 Metaspace       used 74180K, committed 75712K, reserved 1179648K
  class space    used 7548K, committed 8256K, reserved 1048576K
}
Event: 1184.473 GC heap after
{Heap after GC invocations=351 (full 3):
 PSYoungGen      total 2048K, used 487K [0x00000000d5580000, 0x00000000d5980000, 0x0000000100000000)
  eden space 1536K, 0% used [0x00000000d5580000,0x00000000d5580000,0x00000000d5700000)
  from space 512K, 95% used [0x00000000d5800000,0x00000000d5879d60,0x00000000d5880000)
  to   space 1024K, 0% used [0x00000000d5700000,0x00000000d5700000,0x00000000d5800000)
 ParOldGen       total 198656K, used 198459K [0x0000000080000000, 0x000000008c200000, 0x00000000d5580000)
  object space 198656K, 99% used [0x0000000080000000,0x000000008c1ceec8,0x000000008c200000)
 Metaspace       used 74180K, committed 75712K, reserved 1179648K
  class space    used 7548K, committed 8256K, reserved 1048576K
}
Event: 1184.596 GC heap before
{Heap before GC invocations=352 (full 3):
 PSYoungGen      total 2048K, used 1794K [0x00000000d5580000, 0x00000000d5980000, 0x0000000100000000)
  eden space 1536K, 85% used [0x00000000d5580000,0x00000000d56c6b78,0x00000000d5700000)
  from space 512K, 95% used [0x00000000d5800000,0x00000000d5879d60,0x00000000d5880000)
  to   space 1024K, 0% used [0x00000000d5700000,0x00000000d5700000,0x00000000d5800000)
 ParOldGen       total 198656K, used 198459K [0x0000000080000000, 0x000000008c200000, 0x00000000d5580000)
  object space 198656K, 99% used [0x0000000080000000,0x000000008c1ceec8,0x000000008c200000)
 Metaspace       used 74180K, committed 75712K, reserved 1179648K
  class space    used 7548K, committed 8256K, reserved 1048576K
}
Event: 1184.599 GC heap after
{Heap after GC invocations=352 (full 3):
 PSYoungGen      total 2560K, used 1008K [0x00000000d5580000, 0x00000000d5b00000, 0x0000000100000000)
  eden space 1536K, 0% used [0x00000000d5580000,0x00000000d5580000,0x00000000d5700000)
  from space 1024K, 98% used [0x00000000d5700000,0x00000000d57fc068,0x00000000d5800000)
  to   space 2048K, 0% used [0x00000000d5900000,0x00000000d5900000,0x00000000d5b00000)
 ParOldGen       total 199168K, used 199041K [0x0000000080000000, 0x000000008c280000, 0x00000000d5580000)
  object space 199168K, 99% used [0x0000000080000000,0x000000008c260510,0x000000008c280000)
 Metaspace       used 74180K, committed 75712K, reserved 1179648K
  class space    used 7548K, committed 8256K, reserved 1048576K
}
Event: 1184.689 GC heap before
{Heap before GC invocations=353 (full 3):
 PSYoungGen      total 2560K, used 2544K [0x00000000d5580000, 0x00000000d5b00000, 0x0000000100000000)
  eden space 1536K, 99% used [0x00000000d5580000,0x00000000d56ffff0,0x00000000d5700000)
  from space 1024K, 98% used [0x00000000d5700000,0x00000000d57fc068,0x00000000d5800000)
  to   space 2048K, 0% used [0x00000000d5900000,0x00000000d5900000,0x00000000d5b00000)
 ParOldGen       total 199168K, used 199041K [0x0000000080000000, 0x000000008c280000, 0x00000000d5580000)
  object space 199168K, 99% used [0x0000000080000000,0x000000008c260510,0x000000008c280000)
 Metaspace       used 74180K, committed 75712K, reserved 1179648K
  class space    used 7548K, committed 8256K, reserved 1048576K
}
Event: 1184.694 GC heap after
{Heap after GC invocations=353 (full 3):
 PSYoungGen      total 3584K, used 1546K [0x00000000d5580000, 0x00000000d5b00000, 0x0000000100000000)
  eden space 1536K, 0% used [0x00000000d5580000,0x00000000d5580000,0x00000000d5700000)
  from space 2048K, 75% used [0x00000000d5900000,0x00000000d5a82870,0x00000000d5b00000)
  to   space 2048K, 0% used [0x00000000d5700000,0x00000000d5700000,0x00000000d5900000)
 ParOldGen       total 200704K, used 200067K [0x0000000080000000, 0x000000008c400000, 0x00000000d5580000)
  object space 200704K, 99% used [0x0000000080000000,0x000000008c360c20,0x000000008c400000)
 Metaspace       used 74180K, committed 75712K, reserved 1179648K
  class space    used 7548K, committed 8256K, reserved 1048576K
}
Event: 1184.708 GC heap before
{Heap before GC invocations=354 (full 3):
 PSYoungGen      total 3584K, used 3082K [0x00000000d5580000, 0x00000000d5b00000, 0x0000000100000000)
  eden space 1536K, 100% used [0x00000000d5580000,0x00000000d5700000,0x00000000d5700000)
  from space 2048K, 75% used [0x00000000d5900000,0x00000000d5a82870,0x00000000d5b00000)
  to   space 2048K, 0% used [0x00000000d5700000,0x00000000d5700000,0x00000000d5900000)
 ParOldGen       total 200704K, used 200067K [0x0000000080000000, 0x000000008c400000, 0x00000000d5580000)
  object space 200704K, 99% used [0x0000000080000000,0x000000008c360c20,0x000000008c400000)
 Metaspace       used 74180K, committed 75712K, reserved 1179648K
  class space    used 7548K, committed 8256K, reserved 1048576K
}
Event: 1184.711 GC heap after
{Heap after GC invocations=354 (full 3):
 PSYoungGen      total 2048K, used 416K [0x00000000d5580000, 0x00000000d5980000, 0x0000000100000000)
  eden space 1536K, 0% used [0x00000000d5580000,0x00000000d5580000,0x00000000d5700000)
  from space 512K, 81% used [0x00000000d5700000,0x00000000d5768000,0x00000000d5780000)
  to   space 1024K, 0% used [0x00000000d5880000,0x00000000d5880000,0x00000000d5980000)
 ParOldGen       total 201728K, used 201464K [0x0000000080000000, 0x000000008c500000, 0x00000000d5580000)
  object space 201728K, 99% used [0x0000000080000000,0x000000008c4be380,0x000000008c500000)
 Metaspace       used 74180K, committed 75712K, reserved 1179648K
  class space    used 7548K, committed 8256K, reserved 1048576K
}
Event: 1184.728 GC heap before
{Heap before GC invocations=355 (full 3):
 PSYoungGen      total 2048K, used 1952K [0x00000000d5580000, 0x00000000d5980000, 0x0000000100000000)
  eden space 1536K, 100% used [0x00000000d5580000,0x00000000d5700000,0x00000000d5700000)
  from space 512K, 81% used [0x00000000d5700000,0x00000000d5768000,0x00000000d5780000)
  to   space 1024K, 0% used [0x00000000d5880000,0x00000000d5880000,0x00000000d5980000)
 ParOldGen       total 201728K, used 201464K [0x0000000080000000, 0x000000008c500000, 0x00000000d5580000)
  object space 201728K, 99% used [0x0000000080000000,0x000000008c4be380,0x000000008c500000)
 Metaspace       used 74180K, committed 75712K, reserved 1179648K
  class space    used 7548K, committed 8256K, reserved 1048576K
}
Event: 1184.730 GC heap after
{Heap after GC invocations=355 (full 3):
 PSYoungGen      total 2048K, used 442K [0x00000000d5580000, 0x00000000d5900000, 0x0000000100000000)
  eden space 1536K, 0% used [0x00000000d5580000,0x00000000d5580000,0x00000000d5700000)
  from space 512K, 86% used [0x00000000d5880000,0x00000000d58ee900,0x00000000d5900000)
  to   space 512K, 0% used [0x00000000d5700000,0x00000000d5700000,0x00000000d5780000)
 ParOldGen       total 202240K, used 201811K [0x0000000080000000, 0x000000008c580000, 0x00000000d5580000)
  object space 202240K, 99% used [0x0000000080000000,0x000000008c514f18,0x000000008c580000)
 Metaspace       used 74180K, committed 75712K, reserved 1179648K
  class space    used 7548K, committed 8256K, reserved 1048576K
}
Event: 1184.996 GC heap before
{Heap before GC invocations=356 (full 3):
 PSYoungGen      total 2048K, used 1962K [0x00000000d5580000, 0x00000000d5900000, 0x0000000100000000)
  eden space 1536K, 98% used [0x00000000d5580000,0x00000000d56fc128,0x00000000d5700000)
  from space 512K, 86% used [0x00000000d5880000,0x00000000d58ee900,0x00000000d5900000)
  to   space 512K, 0% used [0x00000000d5700000,0x00000000d5700000,0x00000000d5780000)
 ParOldGen       total 202240K, used 201811K [0x0000000080000000, 0x000000008c580000, 0x00000000d5580000)
  object space 202240K, 99% used [0x0000000080000000,0x000000008c514f18,0x000000008c580000)
 Metaspace       used 74185K, committed 75712K, reserved 1179648K
  class space    used 7549K, committed 8256K, reserved 1048576K
}
Event: 1185.001 GC heap after
{Heap after GC invocations=356 (full 3):
 PSYoungGen      total 2048K, used 508K [0x00000000d5580000, 0x00000000d5b00000, 0x0000000100000000)
  eden space 1536K, 0% used [0x00000000d5580000,0x00000000d5580000,0x00000000d5700000)
  from space 512K, 99% used [0x00000000d5700000,0x00000000d577f340,0x00000000d5780000)
  to   space 2048K, 0% used [0x00000000d5900000,0x00000000d5900000,0x00000000d5b00000)
 ParOldGen       total 203264K, used 202828K [0x0000000080000000, 0x000000008c680000, 0x00000000d5580000)
  object space 203264K, 99% used [0x0000000080000000,0x000000008c6130e8,0x000000008c680000)
 Metaspace       used 74185K, committed 75712K, reserved 1179648K
  class space    used 7549K, committed 8256K, reserved 1048576K
}
Event: 1185.056 GC heap before
{Heap before GC invocations=357 (full 3):
 PSYoungGen      total 2048K, used 2044K [0x00000000d5580000, 0x00000000d5b00000, 0x0000000100000000)
  eden space 1536K, 99% used [0x00000000d5580000,0x00000000d56fffc0,0x00000000d5700000)
  from space 512K, 99% used [0x00000000d5700000,0x00000000d577f340,0x00000000d5780000)
  to   space 2048K, 0% used [0x00000000d5900000,0x00000000d5900000,0x00000000d5b00000)
 ParOldGen       total 203264K, used 202828K [0x0000000080000000, 0x000000008c680000, 0x00000000d5580000)
  object space 203264K, 99% used [0x0000000080000000,0x000000008c6130e8,0x000000008c680000)
 Metaspace       used 74200K, committed 75712K, reserved 1179648K
  class space    used 7549K, committed 8256K, reserved 1048576K
}
Event: 1185.058 GC heap after
{Heap after GC invocations=357 (full 3):
 PSYoungGen      total 2560K, used 520K [0x00000000d5580000, 0x00000000d5a00000, 0x0000000100000000)
  eden space 1536K, 0% used [0x00000000d5580000,0x00000000d5580000,0x00000000d5700000)
  from space 1024K, 50% used [0x00000000d5900000,0x00000000d59823b8,0x00000000d5a00000)
  to   space 1024K, 0% used [0x00000000d5800000,0x00000000d5800000,0x00000000d5900000)
 ParOldGen       total 203776K, used 203369K [0x0000000080000000, 0x000000008c700000, 0x00000000d5580000)
  object space 203776K, 99% used [0x0000000080000000,0x000000008c69a740,0x000000008c700000)
 Metaspace       used 74200K, committed 75712K, reserved 1179648K
  class space    used 7549K, committed 8256K, reserved 1048576K
}
Event: 1185.159 GC heap before
{Heap before GC invocations=358 (full 3):
 PSYoungGen      total 2560K, used 2056K [0x00000000d5580000, 0x00000000d5a00000, 0x0000000100000000)
  eden space 1536K, 99% used [0x00000000d5580000,0x00000000d56ffff8,0x00000000d5700000)
  from space 1024K, 50% used [0x00000000d5900000,0x00000000d59823b8,0x00000000d5a00000)
  to   space 1024K, 0% used [0x00000000d5800000,0x00000000d5800000,0x00000000d5900000)
 ParOldGen       total 204800K, used 204302K [0x0000000080000000, 0x000000008c800000, 0x00000000d5580000)
  object space 204800K, 99% used [0x0000000080000000,0x000000008c7839d0,0x000000008c800000)
 Metaspace       used 74200K, committed 75712K, reserved 1179648K
  class space    used 7549K, committed 8256K, reserved 1048576K
}
Event: 1185.161 GC heap after
{Heap after GC invocations=358 (full 3):
 PSYoungGen      total 2560K, used 362K [0x00000000d5580000, 0x00000000d5980000, 0x0000000100000000)
  eden space 1536K, 0% used [0x00000000d5580000,0x00000000d5580000,0x00000000d5700000)
  from space 1024K, 35% used [0x00000000d5800000,0x00000000d585aa30,0x00000000d5900000)
  to   space 512K, 0% used [0x00000000d5900000,0x00000000d5900000,0x00000000d5980000)
 ParOldGen       total 204800K, used 204498K [0x0000000080000000, 0x000000008c800000, 0x00000000d5580000)
  object space 204800K, 99% used [0x0000000080000000,0x000000008c7b4b78,0x000000008c800000)
 Metaspace       used 74200K, committed 75712K, reserved 1179648K
  class space    used 7549K, committed 8256K, reserved 1048576K
}
Event: 1185.284 GC heap before
{Heap before GC invocations=359 (full 3):
 PSYoungGen      total 2560K, used 1898K [0x00000000d5580000, 0x00000000d5980000, 0x0000000100000000)
  eden space 1536K, 100% used [0x00000000d5580000,0x00000000d5700000,0x00000000d5700000)
  from space 1024K, 35% used [0x00000000d5800000,0x00000000d585aa30,0x00000000d5900000)
  to   space 512K, 0% used [0x00000000d5900000,0x00000000d5900000,0x00000000d5980000)
 ParOldGen       total 204800K, used 204498K [0x0000000080000000, 0x000000008c800000, 0x00000000d5580000)
  object space 204800K, 99% used [0x0000000080000000,0x000000008c7b4b78,0x000000008c800000)
 Metaspace       used 74200K, committed 75712K, reserved 1179648K
  class space    used 7549K, committed 8256K, reserved 1048576K
}
Event: 1185.296 GC heap after
{Heap after GC invocations=359 (full 3):
 PSYoungGen      total 2048K, used 512K [0x00000000d5580000, 0x00000000d5980000, 0x0000000100000000)
  eden space 1536K, 0% used [0x00000000d5580000,0x00000000d5580000,0x00000000d5700000)
  from space 512K, 100% used [0x00000000d5900000,0x00000000d5980000,0x00000000d5980000)
  to   space 1024K, 0% used [0x00000000d5780000,0x00000000d5780000,0x00000000d5880000)
 ParOldGen       total 204800K, used 204715K [0x0000000080000000, 0x000000008c800000, 0x00000000d5580000)
  object space 204800K, 99% used [0x0000000080000000,0x000000008c7eac28,0x000000008c800000)
 Metaspace       used 74200K, committed 75712K, reserved 1179648K
  class space    used 7549K, committed 8256K, reserved 1048576K
}
Event: 1185.489 GC heap before
{Heap before GC invocations=360 (full 3):
 PSYoungGen      total 2048K, used 2047K [0x00000000d5580000, 0x00000000d5980000, 0x0000000100000000)
  eden space 1536K, 99% used [0x00000000d5580000,0x00000000d56fffc8,0x00000000d5700000)
  from space 512K, 100% used [0x00000000d5900000,0x00000000d5980000,0x00000000d5980000)
  to   space 1024K, 0% used [0x00000000d5780000,0x00000000d5780000,0x00000000d5880000)
 ParOldGen       total 204800K, used 204715K [0x0000000080000000, 0x000000008c800000, 0x00000000d5580000)
  object space 204800K, 99% used [0x0000000080000000,0x000000008c7eac28,0x000000008c800000)
 Metaspace       used 74203K, committed 75712K, reserved 1179648K
  class space    used 7549K, committed 8256K, reserved 1048576K
}
Event: 1185.491 GC heap after
{Heap after GC invocations=360 (full 3):
 PSYoungGen      total 2560K, used 658K [0x00000000d5580000, 0x00000000d5980000, 0x0000000100000000)
  eden space 1536K, 0% used [0x00000000d5580000,0x00000000d5580000,0x00000000d5700000)
  from space 1024K, 64% used [0x00000000d5780000,0x00000000d5824930,0x00000000d5880000)
  to   space 1024K, 0% used [0x00000000d5880000,0x00000000d5880000,0x00000000d5980000)
 ParOldGen       total 205312K, used 205171K [0x0000000080000000, 0x000000008c880000, 0x00000000d5580000)
  object space 205312K, 99% used [0x0000000080000000,0x000000008c85cc38,0x000000008c880000)
 Metaspace       used 74203K, committed 75712K, reserved 1179648K
  class space    used 7549K, committed 8256K, reserved 1048576K
}

